<?xml version="1.0" encoding="UTF-8"?>
<!-- Generated by org.testng.reporters.JUnitXMLReporter -->
<testsuite hostname="MicrosoftSurface" ignored="0" name="Default test" tests="3" failures="0" timestamp="2021-08-27T16:48:48 IST" time="87.627" errors="0">
  <testcase name="createContactTest" time="12.685" classname="com.vtiger.comcast.contactstest.CreateContactTest"/>
  <testcase name="createContactWithImageTest" time="18.173" classname="com.vtiger.comcast.contactstest.CreateContactTest"/>
  <testcase name="createContactWithOrganizationNameTest" time="29.818" classname="com.vtiger.comcast.contactstest.CreateContactTest"/>
</testsuite> <!-- Default test -->
