<?xml version="1.0" encoding="UTF-8"?>
<!-- Generated by org.testng.reporters.JUnitXMLReporter -->
<testsuite hostname="MicrosoftSurface" ignored="0" name="Default test" tests="3" failures="0" timestamp="2021-08-30T17:53:20 IST" time="130.607" errors="0">
  <testcase name="createContactTest" time="19.226" classname="com.vtiger.comcast.contactstest.CreateContactTest"/>
  <testcase name="createContactWithImageTest" time="24.346" classname="com.vtiger.comcast.contactstest.CreateContactTest"/>
  <testcase name="createContactWithOrganizationNameTest" time="36.856" classname="com.vtiger.comcast.contactstest.CreateContactTest"/>
</testsuite> <!-- Default test -->
