<?xml version="1.0" encoding="UTF-8"?>
<!-- Generated by org.testng.reporters.JUnitXMLReporter -->
<testsuite hostname="MicrosoftSurface" ignored="0" name="Test Runner - 1 " tests="3" failures="0" timestamp="2021-08-24T17:34:53 IST" time="45.088" errors="0">
  <testcase name="sampleTest1" time="0.008" classname="com.sample.createsampletest.Test1"/>
  <testcase name="sampleTest2" time="0.001" classname="com.sample.createsampletest.Test1"/>
  <testcase name="sampleTest3" time="0.001" classname="com.sample.createsampletest.Test1"/>
</testsuite> <!-- Test Runner - 1  -->
