<?xml version="1.0" encoding="UTF-8"?>
<!-- Generated by org.testng.reporters.JUnitXMLReporter -->
<testsuite hostname="MicrosoftSurface" ignored="0" name="Test runner firefox" tests="3" failures="0" timestamp="2021-08-24T17:50:19 IST" time="46.48" errors="0">
  <testcase name="sampleTest1" time="0.003" classname="com.sample.createsampletest.Test1"/>
  <testcase name="sampleTest2" time="0.002" classname="com.sample.createsampletest.Test1"/>
  <testcase name="sampleTest3" time="0.002" classname="com.sample.createsampletest.Test1"/>
</testsuite> <!-- Test runner firefox -->
