<?xml version="1.0" encoding="UTF-8"?>
<!-- Generated by org.testng.reporters.JUnitXMLReporter -->
<testsuite hostname="MicrosoftSurface" ignored="0" name="Test Runner - 2 " tests="3" failures="0" timestamp="2021-08-24T17:35:43 IST" time="95.079" errors="0">
  <testcase name="createContactTest" time="16.348" classname="com.vtiger.comcast.contactstest.CreateContactTest"/>
  <testcase name="createContactWithImageTest" time="18.392" classname="com.vtiger.comcast.contactstest.CreateContactTest"/>
  <testcase name="createContactWithOrganizationNameTest" time="29.756" classname="com.vtiger.comcast.contactstest.CreateContactTest"/>
</testsuite> <!-- Test Runner - 2  -->
