<?xml version="1.0" encoding="UTF-8"?>
<!-- Generated by org.testng.reporters.JUnitXMLReporter -->
<testsuite hostname="MicrosoftSurface" ignored="2" name="Test" tests="1" failures="0" timestamp="2021-08-24T12:57:08 IST" time="17.172" errors="0">
  <testcase name="createContactWithOrganizationNameTest" time="9.576" classname="com.vtiger.comcast.contactstest.CreateContactTest"/>
  <testcase name="createContactTest" time="0.0" classname="com.vtiger.comcast.contactstest.CreateContactTest">
    <ignored/>
  </testcase> <!-- createContactTest -->
  <testcase name="createContactWithImageTest" time="0.0" classname="com.vtiger.comcast.contactstest.CreateContactTest">
    <ignored/>
  </testcase> <!-- createContactWithImageTest -->
</testsuite> <!-- Test -->
