<?xml version="1.0" encoding="UTF-8"?>
<!-- Generated by org.testng.reporters.JUnitXMLReporter -->
<testsuite hostname="MicrosoftSurface" ignored="0" name="Test runner chrome" tests="3" failures="0" timestamp="2021-08-24T17:51:07 IST" time="94.628" errors="0">
  <testcase name="createContactTest" time="15.016" classname="com.vtiger.comcast.contactstest.CreateContactTest"/>
  <testcase name="createContactWithImageTest" time="19.299" classname="com.vtiger.comcast.contactstest.CreateContactTest"/>
  <testcase name="createContactWithOrganizationNameTest" time="29.967" classname="com.vtiger.comcast.contactstest.CreateContactTest"/>
</testsuite> <!-- Test runner chrome -->
